<?xml version="1.0" encoding="UTF-8"?>
<testsuite xmlns:xsi="http://www.w3.org/2001/XMLSchema-instance" xsi:noNamespaceSchemaLocation="https://maven.apache.org/surefire/maven-surefire-plugin/xsd/surefire-test-report.xsd" name="com.food.ordering.system.order.service.domain.OrderApplicationServiceTest" time="0.781" tests="4" errors="0" skipped="0" failures="0">
  <properties>
    <property name="java.specification.version" value="20"/>
    <property name="sun.jnu.encoding" value="UTF-8"/>
    <property name="java.class.path" value="/Users/tan.tran2/Desktop/kafka/food-ordering-system/order-service/order-domain/order-application-service/target/test-classes:/Users/tan.tran2/Desktop/kafka/food-ordering-system/order-service/order-domain/order-application-service/target/classes:/Users/tan.tran2/Desktop/kafka/food-ordering-system/infrastructure/saga/target/saga-1.0-SNAPSHOT.jar:/Users/tan.tran2/Desktop/kafka/food-ordering-system/order-service/order-domain/order-domain-core/target/order-domain-core-1.0-SNAPSHOT.jar:/Users/tan.tran2/Desktop/kafka/food-ordering-system/common/common-domain/target/common-domain-1.0-SNAPSHOT.jar:/Users/tan.tran2/.m2/repository/org/springframework/boot/spring-boot-starter-validation/3.0.5/spring-boot-starter-validation-3.0.5.jar:/Users/tan.tran2/.m2/repository/org/springframework/boot/spring-boot-starter/3.0.5/spring-boot-starter-3.0.5.jar:/Users/tan.tran2/.m2/repository/org/springframework/boot/spring-boot/3.0.5/spring-boot-3.0.5.jar:/Users/tan.tran2/.m2/repository/org/springframework/spring-context/6.0.7/spring-context-6.0.7.jar:/Users/tan.tran2/.m2/repository/org/springframework/spring-aop/6.0.7/spring-aop-6.0.7.jar:/Users/tan.tran2/.m2/repository/org/springframework/spring-expression/6.0.7/spring-expression-6.0.7.jar:/Users/tan.tran2/.m2/repository/org/springframework/boot/spring-boot-autoconfigure/3.0.5/spring-boot-autoconfigure-3.0.5.jar:/Users/tan.tran2/.m2/repository/jakarta/annotation/jakarta.annotation-api/2.1.1/jakarta.annotation-api-2.1.1.jar:/Users/tan.tran2/.m2/repository/org/yaml/snakeyaml/1.33/snakeyaml-1.33.jar:/Users/tan.tran2/.m2/repository/org/apache/tomcat/embed/tomcat-embed-el/10.1.7/tomcat-embed-el-10.1.7.jar:/Users/tan.tran2/.m2/repository/org/hibernate/validator/hibernate-validator/8.0.0.Final/hibernate-validator-8.0.0.Final.jar:/Users/tan.tran2/.m2/repository/jakarta/validation/jakarta.validation-api/3.0.2/jakarta.validation-api-3.0.2.jar:/Users/tan.tran2/.m2/repository/org/jboss/logging/jboss-logging/3.5.0.Final/jboss-logging-3.5.0.Final.jar:/Users/tan.tran2/.m2/repository/com/fasterxml/classmate/1.5.1/classmate-1.5.1.jar:/Users/tan.tran2/.m2/repository/org/springframework/spring-tx/6.0.7/spring-tx-6.0.7.jar:/Users/tan.tran2/.m2/repository/org/springframework/spring-beans/6.0.7/spring-beans-6.0.7.jar:/Users/tan.tran2/.m2/repository/org/springframework/spring-core/6.0.7/spring-core-6.0.7.jar:/Users/tan.tran2/.m2/repository/org/springframework/spring-jcl/6.0.7/spring-jcl-6.0.7.jar:/Users/tan.tran2/.m2/repository/org/mockito/mockito-core/4.3.1/mockito-core-4.3.1.jar:/Users/tan.tran2/.m2/repository/net/bytebuddy/byte-buddy/1.12.23/byte-buddy-1.12.23.jar:/Users/tan.tran2/.m2/repository/net/bytebuddy/byte-buddy-agent/1.12.23/byte-buddy-agent-1.12.23.jar:/Users/tan.tran2/.m2/repository/org/objenesis/objenesis/3.2/objenesis-3.2.jar:/Users/tan.tran2/.m2/repository/org/springframework/boot/spring-boot-starter-test/3.0.5/spring-boot-starter-test-3.0.5.jar:/Users/tan.tran2/.m2/repository/org/springframework/boot/spring-boot-test/3.0.5/spring-boot-test-3.0.5.jar:/Users/tan.tran2/.m2/repository/org/springframework/boot/spring-boot-test-autoconfigure/3.0.5/spring-boot-test-autoconfigure-3.0.5.jar:/Users/tan.tran2/.m2/repository/com/jayway/jsonpath/json-path/2.7.0/json-path-2.7.0.jar:/Users/tan.tran2/.m2/repository/net/minidev/json-smart/2.4.10/json-smart-2.4.10.jar:/Users/tan.tran2/.m2/repository/net/minidev/accessors-smart/2.4.9/accessors-smart-2.4.9.jar:/Users/tan.tran2/.m2/repository/org/ow2/asm/asm/9.3/asm-9.3.jar:/Users/tan.tran2/.m2/repository/org/slf4j/slf4j-api/2.0.7/slf4j-api-2.0.7.jar:/Users/tan.tran2/.m2/repository/jakarta/xml/bind/jakarta.xml.bind-api/4.0.0/jakarta.xml.bind-api-4.0.0.jar:/Users/tan.tran2/.m2/repository/jakarta/activation/jakarta.activation-api/2.1.1/jakarta.activation-api-2.1.1.jar:/Users/tan.tran2/.m2/repository/org/assertj/assertj-core/3.23.1/assertj-core-3.23.1.jar:/Users/tan.tran2/.m2/repository/org/hamcrest/hamcrest/2.2/hamcrest-2.2.jar:/Users/tan.tran2/.m2/repository/org/junit/jupiter/junit-jupiter/5.9.2/junit-jupiter-5.9.2.jar:/Users/tan.tran2/.m2/repository/org/junit/jupiter/junit-jupiter-api/5.9.2/junit-jupiter-api-5.9.2.jar:/Users/tan.tran2/.m2/repository/org/opentest4j/opentest4j/1.2.0/opentest4j-1.2.0.jar:/Users/tan.tran2/.m2/repository/org/junit/platform/junit-platform-commons/1.9.2/junit-platform-commons-1.9.2.jar:/Users/tan.tran2/.m2/repository/org/apiguardian/apiguardian-api/1.1.2/apiguardian-api-1.1.2.jar:/Users/tan.tran2/.m2/repository/org/junit/jupiter/junit-jupiter-params/5.9.2/junit-jupiter-params-5.9.2.jar:/Users/tan.tran2/.m2/repository/org/junit/jupiter/junit-jupiter-engine/5.9.2/junit-jupiter-engine-5.9.2.jar:/Users/tan.tran2/.m2/repository/org/junit/platform/junit-platform-engine/1.9.2/junit-platform-engine-1.9.2.jar:/Users/tan.tran2/.m2/repository/org/mockito/mockito-junit-jupiter/4.3.1/mockito-junit-jupiter-4.3.1.jar:/Users/tan.tran2/.m2/repository/org/skyscreamer/jsonassert/1.5.1/jsonassert-1.5.1.jar:/Users/tan.tran2/.m2/repository/com/vaadin/external/google/android-json/0.0.20131108.vaadin1/android-json-0.0.20131108.vaadin1.jar:/Users/tan.tran2/.m2/repository/org/springframework/spring-test/6.0.7/spring-test-6.0.7.jar:/Users/tan.tran2/.m2/repository/org/xmlunit/xmlunit-core/2.9.1/xmlunit-core-2.9.1.jar:/Users/tan.tran2/.m2/repository/org/projectlombok/lombok/1.18.26/lombok-1.18.26.jar:/Users/tan.tran2/.m2/repository/org/springframework/boot/spring-boot-starter-logging/3.0.5/spring-boot-starter-logging-3.0.5.jar:/Users/tan.tran2/.m2/repository/ch/qos/logback/logback-classic/1.4.6/logback-classic-1.4.6.jar:/Users/tan.tran2/.m2/repository/ch/qos/logback/logback-core/1.4.6/logback-core-1.4.6.jar:/Users/tan.tran2/.m2/repository/org/apache/logging/log4j/log4j-to-slf4j/2.19.0/log4j-to-slf4j-2.19.0.jar:/Users/tan.tran2/.m2/repository/org/apache/logging/log4j/log4j-api/2.19.0/log4j-api-2.19.0.jar:/Users/tan.tran2/.m2/repository/org/slf4j/jul-to-slf4j/2.0.7/jul-to-slf4j-2.0.7.jar:"/>
    <property name="java.vm.vendor" value="Homebrew"/>
    <property name="sun.arch.data.model" value="64"/>
    <property name="java.vendor.url" value="https://github.com/Homebrew/homebrew-core/issues"/>
    <property name="os.name" value="Mac OS X"/>
    <property name="java.vm.specification.version" value="20"/>
    <property name="sun.java.launcher" value="SUN_STANDARD"/>
    <property name="user.country" value="VN"/>
    <property name="sun.boot.library.path" value="/opt/homebrew/Cellar/openjdk/20.0.1/libexec/openjdk.jdk/Contents/Home/lib"/>
    <property name="sun.java.command" value="/Users/tan.tran2/Desktop/kafka/food-ordering-system/order-service/order-domain/order-application-service/target/surefire/surefirebooter14103454789703209397.jar /Users/tan.tran2/Desktop/kafka/food-ordering-system/order-service/order-domain/order-application-service/target/surefire 2023-05-24T13-45-12_919-jvmRun1 surefire7211938617669543464tmp surefire_06989994983504074535tmp"/>
    <property name="http.nonProxyHosts" value="local|*.local|169.254/16|*.169.254/16"/>
    <property name="jdk.debug" value="release"/>
    <property name="surefire.test.class.path" value="/Users/tan.tran2/Desktop/kafka/food-ordering-system/order-service/order-domain/order-application-service/target/test-classes:/Users/tan.tran2/Desktop/kafka/food-ordering-system/order-service/order-domain/order-application-service/target/classes:/Users/tan.tran2/Desktop/kafka/food-ordering-system/infrastructure/saga/target/saga-1.0-SNAPSHOT.jar:/Users/tan.tran2/Desktop/kafka/food-ordering-system/order-service/order-domain/order-domain-core/target/order-domain-core-1.0-SNAPSHOT.jar:/Users/tan.tran2/Desktop/kafka/food-ordering-system/common/common-domain/target/common-domain-1.0-SNAPSHOT.jar:/Users/tan.tran2/.m2/repository/org/springframework/boot/spring-boot-starter-validation/3.0.5/spring-boot-starter-validation-3.0.5.jar:/Users/tan.tran2/.m2/repository/org/springframework/boot/spring-boot-starter/3.0.5/spring-boot-starter-3.0.5.jar:/Users/tan.tran2/.m2/repository/org/springframework/boot/spring-boot/3.0.5/spring-boot-3.0.5.jar:/Users/tan.tran2/.m2/repository/org/springframework/spring-context/6.0.7/spring-context-6.0.7.jar:/Users/tan.tran2/.m2/repository/org/springframework/spring-aop/6.0.7/spring-aop-6.0.7.jar:/Users/tan.tran2/.m2/repository/org/springframework/spring-expression/6.0.7/spring-expression-6.0.7.jar:/Users/tan.tran2/.m2/repository/org/springframework/boot/spring-boot-autoconfigure/3.0.5/spring-boot-autoconfigure-3.0.5.jar:/Users/tan.tran2/.m2/repository/jakarta/annotation/jakarta.annotation-api/2.1.1/jakarta.annotation-api-2.1.1.jar:/Users/tan.tran2/.m2/repository/org/yaml/snakeyaml/1.33/snakeyaml-1.33.jar:/Users/tan.tran2/.m2/repository/org/apache/tomcat/embed/tomcat-embed-el/10.1.7/tomcat-embed-el-10.1.7.jar:/Users/tan.tran2/.m2/repository/org/hibernate/validator/hibernate-validator/8.0.0.Final/hibernate-validator-8.0.0.Final.jar:/Users/tan.tran2/.m2/repository/jakarta/validation/jakarta.validation-api/3.0.2/jakarta.validation-api-3.0.2.jar:/Users/tan.tran2/.m2/repository/org/jboss/logging/jboss-logging/3.5.0.Final/jboss-logging-3.5.0.Final.jar:/Users/tan.tran2/.m2/repository/com/fasterxml/classmate/1.5.1/classmate-1.5.1.jar:/Users/tan.tran2/.m2/repository/org/springframework/spring-tx/6.0.7/spring-tx-6.0.7.jar:/Users/tan.tran2/.m2/repository/org/springframework/spring-beans/6.0.7/spring-beans-6.0.7.jar:/Users/tan.tran2/.m2/repository/org/springframework/spring-core/6.0.7/spring-core-6.0.7.jar:/Users/tan.tran2/.m2/repository/org/springframework/spring-jcl/6.0.7/spring-jcl-6.0.7.jar:/Users/tan.tran2/.m2/repository/org/mockito/mockito-core/4.3.1/mockito-core-4.3.1.jar:/Users/tan.tran2/.m2/repository/net/bytebuddy/byte-buddy/1.12.23/byte-buddy-1.12.23.jar:/Users/tan.tran2/.m2/repository/net/bytebuddy/byte-buddy-agent/1.12.23/byte-buddy-agent-1.12.23.jar:/Users/tan.tran2/.m2/repository/org/objenesis/objenesis/3.2/objenesis-3.2.jar:/Users/tan.tran2/.m2/repository/org/springframework/boot/spring-boot-starter-test/3.0.5/spring-boot-starter-test-3.0.5.jar:/Users/tan.tran2/.m2/repository/org/springframework/boot/spring-boot-test/3.0.5/spring-boot-test-3.0.5.jar:/Users/tan.tran2/.m2/repository/org/springframework/boot/spring-boot-test-autoconfigure/3.0.5/spring-boot-test-autoconfigure-3.0.5.jar:/Users/tan.tran2/.m2/repository/com/jayway/jsonpath/json-path/2.7.0/json-path-2.7.0.jar:/Users/tan.tran2/.m2/repository/net/minidev/json-smart/2.4.10/json-smart-2.4.10.jar:/Users/tan.tran2/.m2/repository/net/minidev/accessors-smart/2.4.9/accessors-smart-2.4.9.jar:/Users/tan.tran2/.m2/repository/org/ow2/asm/asm/9.3/asm-9.3.jar:/Users/tan.tran2/.m2/repository/org/slf4j/slf4j-api/2.0.7/slf4j-api-2.0.7.jar:/Users/tan.tran2/.m2/repository/jakarta/xml/bind/jakarta.xml.bind-api/4.0.0/jakarta.xml.bind-api-4.0.0.jar:/Users/tan.tran2/.m2/repository/jakarta/activation/jakarta.activation-api/2.1.1/jakarta.activation-api-2.1.1.jar:/Users/tan.tran2/.m2/repository/org/assertj/assertj-core/3.23.1/assertj-core-3.23.1.jar:/Users/tan.tran2/.m2/repository/org/hamcrest/hamcrest/2.2/hamcrest-2.2.jar:/Users/tan.tran2/.m2/repository/org/junit/jupiter/junit-jupiter/5.9.2/junit-jupiter-5.9.2.jar:/Users/tan.tran2/.m2/repository/org/junit/jupiter/junit-jupiter-api/5.9.2/junit-jupiter-api-5.9.2.jar:/Users/tan.tran2/.m2/repository/org/opentest4j/opentest4j/1.2.0/opentest4j-1.2.0.jar:/Users/tan.tran2/.m2/repository/org/junit/platform/junit-platform-commons/1.9.2/junit-platform-commons-1.9.2.jar:/Users/tan.tran2/.m2/repository/org/apiguardian/apiguardian-api/1.1.2/apiguardian-api-1.1.2.jar:/Users/tan.tran2/.m2/repository/org/junit/jupiter/junit-jupiter-params/5.9.2/junit-jupiter-params-5.9.2.jar:/Users/tan.tran2/.m2/repository/org/junit/jupiter/junit-jupiter-engine/5.9.2/junit-jupiter-engine-5.9.2.jar:/Users/tan.tran2/.m2/repository/org/junit/platform/junit-platform-engine/1.9.2/junit-platform-engine-1.9.2.jar:/Users/tan.tran2/.m2/repository/org/mockito/mockito-junit-jupiter/4.3.1/mockito-junit-jupiter-4.3.1.jar:/Users/tan.tran2/.m2/repository/org/skyscreamer/jsonassert/1.5.1/jsonassert-1.5.1.jar:/Users/tan.tran2/.m2/repository/com/vaadin/external/google/android-json/0.0.20131108.vaadin1/android-json-0.0.20131108.vaadin1.jar:/Users/tan.tran2/.m2/repository/org/springframework/spring-test/6.0.7/spring-test-6.0.7.jar:/Users/tan.tran2/.m2/repository/org/xmlunit/xmlunit-core/2.9.1/xmlunit-core-2.9.1.jar:/Users/tan.tran2/.m2/repository/org/projectlombok/lombok/1.18.26/lombok-1.18.26.jar:/Users/tan.tran2/.m2/repository/org/springframework/boot/spring-boot-starter-logging/3.0.5/spring-boot-starter-logging-3.0.5.jar:/Users/tan.tran2/.m2/repository/ch/qos/logback/logback-classic/1.4.6/logback-classic-1.4.6.jar:/Users/tan.tran2/.m2/repository/ch/qos/logback/logback-core/1.4.6/logback-core-1.4.6.jar:/Users/tan.tran2/.m2/repository/org/apache/logging/log4j/log4j-to-slf4j/2.19.0/log4j-to-slf4j-2.19.0.jar:/Users/tan.tran2/.m2/repository/org/apache/logging/log4j/log4j-api/2.19.0/log4j-api-2.19.0.jar:/Users/tan.tran2/.m2/repository/org/slf4j/jul-to-slf4j/2.0.7/jul-to-slf4j-2.0.7.jar:"/>
    <property name="sun.cpu.endian" value="little"/>
    <property name="user.home" value="/Users/tan.tran2"/>
    <property name="user.language" value="en"/>
    <property name="java.specification.vendor" value="Oracle Corporation"/>
    <property name="java.version.date" value="2023-04-18"/>
    <property name="java.home" value="/opt/homebrew/Cellar/openjdk/20.0.1/libexec/openjdk.jdk/Contents/Home"/>
    <property name="file.separator" value="/"/>
    <property name="basedir" value="/Users/tan.tran2/Desktop/kafka/food-ordering-system/order-service/order-domain/order-application-service"/>
    <property name="java.vm.compressedOopsMode" value="Zero based"/>
    <property name="line.separator" value="&#10;"/>
    <property name="java.vm.specification.vendor" value="Oracle Corporation"/>
    <property name="java.specification.name" value="Java Platform API Specification"/>
    <property name="apple.awt.application.name" value="ForkedBooter"/>
    <property name="surefire.real.class.path" value="/Users/tan.tran2/Desktop/kafka/food-ordering-system/order-service/order-domain/order-application-service/target/surefire/surefirebooter14103454789703209397.jar"/>
    <property name="sun.management.compiler" value="HotSpot 64-Bit Tiered Compilers"/>
    <property name="ftp.nonProxyHosts" value="local|*.local|169.254/16|*.169.254/16"/>
    <property name="java.runtime.version" value="20.0.1"/>
    <property name="user.name" value="tan.tran2"/>
    <property name="stdout.encoding" value="UTF-8"/>
    <property name="path.separator" value=":"/>
    <property name="os.version" value="12.6.3"/>
    <property name="java.runtime.name" value="OpenJDK Runtime Environment"/>
    <property name="file.encoding" value="UTF-8"/>
    <property name="java.vm.name" value="OpenJDK 64-Bit Server VM"/>
    <property name="java.vendor.version" value="Homebrew"/>
    <property name="localRepository" value="/Users/tan.tran2/.m2/repository"/>
    <property name="java.vendor.url.bug" value="https://github.com/Homebrew/homebrew-core/issues"/>
    <property name="java.io.tmpdir" value="/var/folders/lj/q77s384s5mvf5jft2hmhm7cw0000gs/T/"/>
    <property name="java.version" value="20.0.1"/>
    <property name="user.dir" value="/Users/tan.tran2/Desktop/kafka/food-ordering-system/order-service/order-domain/order-application-service"/>
    <property name="os.arch" value="aarch64"/>
    <property name="java.vm.specification.name" value="Java Virtual Machine Specification"/>
    <property name="native.encoding" value="UTF-8"/>
    <property name="java.library.path" value="/Users/tan.tran2/Library/Java/Extensions:/Library/Java/Extensions:/Network/Library/Java/Extensions:/System/Library/Java/Extensions:/usr/lib/java:."/>
    <property name="java.vm.info" value="mixed mode, sharing"/>
    <property name="stderr.encoding" value="UTF-8"/>
    <property name="java.vendor" value="Homebrew"/>
    <property name="java.vm.version" value="20.0.1"/>
    <property name="sun.io.unicode.encoding" value="UnicodeBig"/>
    <property name="socksNonProxyHosts" value="local|*.local|169.254/16|*.169.254/16"/>
    <property name="java.class.version" value="64.0"/>
  </properties>
  <testcase name="testCreateOrderWithWrongTotalPrice" classname="com.food.ordering.system.order.service.domain.OrderApplicationServiceTest" time="0.028"/>
  <testcase name="testCreateOrder" classname="com.food.ordering.system.order.service.domain.OrderApplicationServiceTest" time="0.002"/>
  <testcase name="testCreateOrderWithWrongProductPrice" classname="com.food.ordering.system.order.service.domain.OrderApplicationServiceTest" time="0.003"/>
  <testcase name="testCreateOrderWithPassiveRestaurant" classname="com.food.ordering.system.order.service.domain.OrderApplicationServiceTest" time="0.002"/>
</testsuite>